
2016-03-07 19:38:59
[ERROR]-[Thread: main]-[com.jfinal.kit.LogKit.error()]: port: 80 already in use!
java.lang.IllegalStateException: port: 80 already in use!
	at com.jfinal.server.JettyServer.doStart(JettyServer.java:79)
	at com.jfinal.server.JettyServer.start(JettyServer.java:65)
	at com.jfinal.core.JFinal.start(JFinal.java:154)
	at com.demo.common.config.DemoConfig.main(DemoConfig.java:78)

2016-03-07 19:39:43
[ERROR]-[Thread: main]-[com.jfinal.kit.LogKit.error()]: port: 80 already in use!
java.lang.IllegalStateException: port: 80 already in use!
	at com.jfinal.server.JettyServer.doStart(JettyServer.java:79)
	at com.jfinal.server.JettyServer.start(JettyServer.java:65)
	at com.jfinal.core.JFinal.start(JFinal.java:154)
	at com.demo.common.config.DemoConfig.main(DemoConfig.java:78)

2016-03-16 20:30:36
[WARN]-[Thread: qtp1717402253-22]-[com.jfinal.core.ActionHandler.handle()]: 404 Action Not Found: blog

2016-03-16 20:35:20
[WARN]-[Thread: qtp1440636683-18]-[com.jfinal.core.ActionHandler.handle()]: 404 Action Not Found: blog

2016-03-16 21:06:14
[WARN]-[Thread: qtp2050094903-21]-[com.jfinal.core.ActionHandler.handle()]: 404 Action Not Found: blog
